{"/home/vilmango/Documents/LIM011-fe-md-links/src/index.js": {"path":"/home/vilmango/Documents/LIM011-fe-md-links/src/index.js","statementMap":{"0":{"start":{"line":2,"column":13},"end":{"line":2,"column":28}},"1":{"start":{"line":4,"column":23},"end":{"line":4,"column":61}},"2":{"start":{"line":4,"column":36},"end":{"line":4,"column":61}},"3":{"start":{"line":6,"column":17},"end":{"line":10,"column":1}},"4":{"start":{"line":11,"column":0},"end":{"line":11,"column":27}}},"fnMap":{"0":{"name":"(anonymous_0)","decl":{"start":{"line":4,"column":23},"end":{"line":4,"column":24}},"loc":{"start":{"line":4,"column":36},"end":{"line":4,"column":61}},"line":4}},"branchMap":{},"s":{"0":1,"1":1,"2":2,"3":1,"4":1},"f":{"0":2},"b":{},"_coverageSchema":"1a1c01bbd47fc00a2c39e90264f33305004495a9","hash":"1f5fa9e2b5f84840775e155b93c149c3af6c0b77"}
}
