{"/home/vilmango/Documents/LIM011-fe-md-links/src/index.js": {"path":"/home/vilmango/Documents/LIM011-fe-md-links/src/index.js","statementMap":{"0":{"start":{"line":2,"column":13},"end":{"line":2,"column":28}},"1":{"start":{"line":3,"column":11},"end":{"line":3,"column":24}},"2":{"start":{"line":6,"column":23},"end":{"line":6,"column":62}},"3":{"start":{"line":6,"column":37},"end":{"line":6,"column":62}},"4":{"start":{"line":8,"column":31},"end":{"line":8,"column":67}},"5":{"start":{"line":8,"column":45},"end":{"line":8,"column":67}},"6":{"start":{"line":10,"column":28},"end":{"line":14,"column":1}},"7":{"start":{"line":11,"column":15},"end":{"line":11,"column":37}},"8":{"start":{"line":12,"column":15},"end":{"line":12,"column":28}},"9":{"start":{"line":13,"column":2},"end":{"line":13,"column":14}},"10":{"start":{"line":17,"column":18},"end":{"line":22,"column":1}},"11":{"start":{"line":24,"column":0},"end":{"line":24,"column":27}}},"fnMap":{"0":{"name":"(anonymous_0)","decl":{"start":{"line":6,"column":23},"end":{"line":6,"column":24}},"loc":{"start":{"line":6,"column":37},"end":{"line":6,"column":62}},"line":6},"1":{"name":"(anonymous_1)","decl":{"start":{"line":8,"column":31},"end":{"line":8,"column":32}},"loc":{"start":{"line":8,"column":45},"end":{"line":8,"column":67}},"line":8},"2":{"name":"(anonymous_2)","decl":{"start":{"line":10,"column":28},"end":{"line":10,"column":29}},"loc":{"start":{"line":10,"column":42},"end":{"line":14,"column":1}},"line":10}},"branchMap":{},"s":{"0":1,"1":1,"2":1,"3":2,"4":1,"5":0,"6":1,"7":0,"8":0,"9":0,"10":1,"11":1},"f":{"0":2,"1":0,"2":0},"b":{},"_coverageSchema":"1a1c01bbd47fc00a2c39e90264f33305004495a9","hash":"b300949ac2ee87ac2168ffe03c84649075e32e34"}
}
